2017-08-02 11:35:06 Error: [MissingPluginException] Plugin DebugKit could not be found.
Exception Attributes: array (
  'plugin' => 'DebugKit',
)
Request URL: /tsk/
Stack Trace:
#0 C:\xampp\htdocs\tsk\lib\Cake\Core\App.php(227): CakePlugin::path('DebugKit')
#1 C:\xampp\htdocs\tsk\lib\Cake\Core\App.php(549): App::path('Controller/Comp...', 'DebugKit')
#2 [internal function]: App::load('ToolbarComponen...')
#3 [internal function]: spl_autoload_call('ToolbarComponen...')
#4 C:\xampp\htdocs\tsk\lib\Cake\Controller\ComponentCollection.php(110): class_exists('ToolbarComponen...')
#5 C:\xampp\htdocs\tsk\lib\Cake\Controller\ComponentCollection.php(53): ComponentCollection->load('DebugKit.Toolba...', Array)
#6 C:\xampp\htdocs\tsk\lib\Cake\Controller\Controller.php(644): ComponentCollection->init(Object(PagesController))
#7 C:\xampp\htdocs\tsk\lib\Cake\Routing\Dispatcher.php(188): Controller->constructClasses()
#8 C:\xampp\htdocs\tsk\lib\Cake\Routing\Dispatcher.php(167): Dispatcher->_invoke(Object(PagesController), Object(CakeRequest))
#9 C:\xampp\htdocs\tsk\app\webroot\index.php(111): Dispatcher->dispatch(Object(CakeRequest), Object(CakeResponse))
#10 {main}
2017-08-03 03:12:55 Error: [MissingControllerException] Controller class TskController could not be found.
Exception Attributes: array (
  'class' => 'TskController',
  'plugin' => NULL,
)
Request URL: /tsk/user/tsk/
Stack Trace:
#0 C:\xampp\htdocs\tsk\user\webroot\index.php(111): Dispatcher->dispatch(Object(CakeRequest), Object(CakeResponse))
#1 {main}
2017-08-03 03:15:38 Error: [MissingControllerException] Controller class TskController could not be found.
Exception Attributes: array (
  'class' => 'TskController',
  'plugin' => NULL,
)
Request URL: /tsk/user/tsk/
Stack Trace:
#0 C:\xampp\htdocs\tsk\user\webroot\index.php(111): Dispatcher->dispatch(Object(CakeRequest), Object(CakeResponse))
#1 {main}
2017-08-03 03:16:34 Error: [MissingControllerException] Controller class TskController could not be found.
Exception Attributes: array (
  'class' => 'TskController',
  'plugin' => NULL,
)
Request URL: /tsk/user/tsk/
Stack Trace:
#0 C:\xampp\htdocs\tsk\user\webroot\index.php(111): Dispatcher->dispatch(Object(CakeRequest), Object(CakeResponse))
#1 {main}
2017-08-03 03:16:36 Error: [MissingControllerException] Controller class TskController could not be found.
Exception Attributes: array (
  'class' => 'TskController',
  'plugin' => NULL,
)
Request URL: /tsk/user/tsk/
Stack Trace:
#0 C:\xampp\htdocs\tsk\user\webroot\index.php(111): Dispatcher->dispatch(Object(CakeRequest), Object(CakeResponse))
#1 {main}
2017-08-03 03:18:43 Error: [MissingControllerException] Controller class TskController could not be found.
Exception Attributes: array (
  'class' => 'TskController',
  'plugin' => NULL,
)
Request URL: /tsk/user/tsk/
Stack Trace:
#0 C:\xampp\htdocs\tsk\user\webroot\index.php(111): Dispatcher->dispatch(Object(CakeRequest), Object(CakeResponse))
#1 {main}
2017-08-03 03:18:44 Error: [MissingControllerException] Controller class TskController could not be found.
Exception Attributes: array (
  'class' => 'TskController',
  'plugin' => NULL,
)
Request URL: /tsk/user/tsk/
Stack Trace:
#0 C:\xampp\htdocs\tsk\user\webroot\index.php(111): Dispatcher->dispatch(Object(CakeRequest), Object(CakeResponse))
#1 {main}
2017-08-03 03:20:41 Error: [MissingControllerException] Controller class TskController could not be found.
Exception Attributes: array (
  'class' => 'TskController',
  'plugin' => NULL,
)
Request URL: /tsk/user/tsk/
Stack Trace:
#0 C:\xampp\htdocs\tsk\user\webroot\index.php(111): Dispatcher->dispatch(Object(CakeRequest), Object(CakeResponse))
#1 {main}
2017-08-03 03:20:42 Error: [MissingControllerException] Controller class TskController could not be found.
Exception Attributes: array (
  'class' => 'TskController',
  'plugin' => NULL,
)
Request URL: /tsk/user/tsk/
Stack Trace:
#0 C:\xampp\htdocs\tsk\user\webroot\index.php(111): Dispatcher->dispatch(Object(CakeRequest), Object(CakeResponse))
#1 {main}
2017-08-03 03:20:42 Error: [MissingControllerException] Controller class TskController could not be found.
Exception Attributes: array (
  'class' => 'TskController',
  'plugin' => NULL,
)
Request URL: /tsk/user/tsk/
Stack Trace:
#0 C:\xampp\htdocs\tsk\user\webroot\index.php(111): Dispatcher->dispatch(Object(CakeRequest), Object(CakeResponse))
#1 {main}
2017-08-03 03:20:42 Error: [MissingControllerException] Controller class TskController could not be found.
Exception Attributes: array (
  'class' => 'TskController',
  'plugin' => NULL,
)
Request URL: /tsk/user/tsk/
Stack Trace:
#0 C:\xampp\htdocs\tsk\user\webroot\index.php(111): Dispatcher->dispatch(Object(CakeRequest), Object(CakeResponse))
#1 {main}
2017-08-03 03:20:43 Error: [MissingControllerException] Controller class TskController could not be found.
Exception Attributes: array (
  'class' => 'TskController',
  'plugin' => NULL,
)
Request URL: /tsk/user/tsk/
Stack Trace:
#0 C:\xampp\htdocs\tsk\user\webroot\index.php(111): Dispatcher->dispatch(Object(CakeRequest), Object(CakeResponse))
#1 {main}
2017-08-03 03:20:43 Error: [MissingControllerException] Controller class TskController could not be found.
Exception Attributes: array (
  'class' => 'TskController',
  'plugin' => NULL,
)
Request URL: /tsk/user/tsk/
Stack Trace:
#0 C:\xampp\htdocs\tsk\user\webroot\index.php(111): Dispatcher->dispatch(Object(CakeRequest), Object(CakeResponse))
#1 {main}
2017-08-03 03:20:44 Error: [MissingControllerException] Controller class TskController could not be found.
Exception Attributes: array (
  'class' => 'TskController',
  'plugin' => NULL,
)
Request URL: /tsk/user/tsk/
Stack Trace:
#0 C:\xampp\htdocs\tsk\user\webroot\index.php(111): Dispatcher->dispatch(Object(CakeRequest), Object(CakeResponse))
#1 {main}
2017-08-03 03:23:28 Error: [MissingControllerException] Controller class TskController could not be found.
Exception Attributes: array (
  'class' => 'TskController',
  'plugin' => NULL,
)
Request URL: /tsk/user/tsk/
Stack Trace:
#0 C:\xampp\htdocs\tsk\user\webroot\index.php(111): Dispatcher->dispatch(Object(CakeRequest), Object(CakeResponse))
#1 {main}
2017-08-03 03:23:29 Error: [MissingControllerException] Controller class TskController could not be found.
Exception Attributes: array (
  'class' => 'TskController',
  'plugin' => NULL,
)
Request URL: /tsk/user/tsk/
Stack Trace:
#0 C:\xampp\htdocs\tsk\user\webroot\index.php(111): Dispatcher->dispatch(Object(CakeRequest), Object(CakeResponse))
#1 {main}
2017-08-03 03:26:16 Error: [MissingControllerException] Controller class TskController could not be found.
Exception Attributes: array (
  'class' => 'TskController',
  'plugin' => NULL,
)
Request URL: /tsk/user/tsk/
Stack Trace:
#0 C:\xampp\htdocs\tsk\user\webroot\index.php(111): Dispatcher->dispatch(Object(CakeRequest), Object(CakeResponse))
#1 {main}
2017-08-03 03:26:16 Error: [MissingControllerException] Controller class TskController could not be found.
Exception Attributes: array (
  'class' => 'TskController',
  'plugin' => NULL,
)
Request URL: /tsk/user/tsk/
Stack Trace:
#0 C:\xampp\htdocs\tsk\user\webroot\index.php(111): Dispatcher->dispatch(Object(CakeRequest), Object(CakeResponse))
#1 {main}
2017-08-03 03:29:43 Error: [MissingControllerException] Controller class TskController could not be found.
Exception Attributes: array (
  'class' => 'TskController',
  'plugin' => NULL,
)
Request URL: /tsk/user/tsk/
Stack Trace:
#0 C:\xampp\htdocs\tsk\user\webroot\index.php(111): Dispatcher->dispatch(Object(CakeRequest), Object(CakeResponse))
#1 {main}
2017-08-03 03:30:47 Error: [MissingControllerException] Controller class TskController could not be found.
Exception Attributes: array (
  'class' => 'TskController',
  'plugin' => NULL,
)
Request URL: /tsk/user/tsk/
Stack Trace:
#0 C:\xampp\htdocs\tsk\user\webroot\index.php(111): Dispatcher->dispatch(Object(CakeRequest), Object(CakeResponse))
#1 {main}
2017-08-03 03:31:52 Error: [MissingControllerException] Controller class TskController could not be found.
Exception Attributes: array (
  'class' => 'TskController',
  'plugin' => NULL,
)
Request URL: /tsk/user/tsk/
Stack Trace:
#0 C:\xampp\htdocs\tsk\user\webroot\index.php(111): Dispatcher->dispatch(Object(CakeRequest), Object(CakeResponse))
#1 {main}
2017-08-03 03:31:55 Error: [MissingControllerException] Controller class TskController could not be found.
Exception Attributes: array (
  'class' => 'TskController',
  'plugin' => NULL,
)
Request URL: /tsk/user/tsk/
Stack Trace:
#0 C:\xampp\htdocs\tsk\user\webroot\index.php(111): Dispatcher->dispatch(Object(CakeRequest), Object(CakeResponse))
#1 {main}
2017-08-03 03:35:10 Error: [MissingControllerException] Controller class TskController could not be found.
Exception Attributes: array (
  'class' => 'TskController',
  'plugin' => NULL,
)
Request URL: /tsk/user/tsk/
Stack Trace:
#0 C:\xampp\htdocs\tsk\user\webroot\index.php(111): Dispatcher->dispatch(Object(CakeRequest), Object(CakeResponse))
#1 {main}
2017-08-03 03:35:11 Error: [MissingControllerException] Controller class TskController could not be found.
Exception Attributes: array (
  'class' => 'TskController',
  'plugin' => NULL,
)
Request URL: /tsk/user/tsk/
Stack Trace:
#0 C:\xampp\htdocs\tsk\user\webroot\index.php(111): Dispatcher->dispatch(Object(CakeRequest), Object(CakeResponse))
#1 {main}
2017-08-03 04:10:24 Error: [MissingActionException] Action TskController::admin() could not be found.
Exception Attributes: array (
  'controller' => 'TskController',
  'action' => 'admin',
)
Request URL: /tsk/user/tsk/admin/
Stack Trace:
#0 C:\xampp\htdocs\tsk\lib\Cake\Routing\Dispatcher.php(193): Controller->invokeAction(Object(CakeRequest))
#1 C:\xampp\htdocs\tsk\lib\Cake\Routing\Dispatcher.php(167): Dispatcher->_invoke(Object(TskController), Object(CakeRequest))
#2 C:\xampp\htdocs\tsk\user\webroot\index.php(111): Dispatcher->dispatch(Object(CakeRequest), Object(CakeResponse))
#3 {main}
2017-08-03 04:26:52 Error: [MissingActionException] Action TskController::admin() could not be found.
Exception Attributes: array (
  'controller' => 'TskController',
  'action' => 'admin',
)
Request URL: /tsk/user/tsk/admin/
Stack Trace:
#0 C:\xampp\htdocs\tsk\lib\Cake\Routing\Dispatcher.php(193): Controller->invokeAction(Object(CakeRequest))
#1 C:\xampp\htdocs\tsk\lib\Cake\Routing\Dispatcher.php(167): Dispatcher->_invoke(Object(TskController), Object(CakeRequest))
#2 C:\xampp\htdocs\tsk\user\webroot\index.php(111): Dispatcher->dispatch(Object(CakeRequest), Object(CakeResponse))
#3 {main}
2017-08-03 04:29:27 Error: [MissingActionException] Action TskController::index() could not be found.
Exception Attributes: array (
  'controller' => 'TskController',
  'action' => 'index',
)
Request URL: /tsk/user/tsk/
Stack Trace:
#0 C:\xampp\htdocs\tsk\lib\Cake\Routing\Dispatcher.php(193): Controller->invokeAction(Object(CakeRequest))
#1 C:\xampp\htdocs\tsk\lib\Cake\Routing\Dispatcher.php(167): Dispatcher->_invoke(Object(TskController), Object(CakeRequest))
#2 C:\xampp\htdocs\tsk\user\webroot\index.php(111): Dispatcher->dispatch(Object(CakeRequest), Object(CakeResponse))
#3 {main}
